<?xml version="1.0" encoding="UTF-8"?>
<!-- Generated by org.testng.reporters.JUnitXMLReporter -->
<testsuite ignored="6" hostname="LAPTOP-HC235GC5" failures="0" tests="4" name="Test" time="16.088" errors="0" timestamp="2025-08-09T22:05:48 IST">
  <testcase classname="testCases.TC002_CustomerLoginTest" name="verify_customer_login" time="1.812"/>
  <testcase classname="testCases.TC003_AccountOverviewTest" name="verify_account_overview" time="2.308"/>
  <testcase classname="testCases.TC004_OpenNewAccountTest" name="verify_openNewAccount" time="3.22"/>
  <testcase classname="testCases.TC005_TransferFundsTest" name="verify_transferFunds" time="1.781"/>
  <testcase classname="testBase.BaseClass" name="@AfterTest tearDown" time="0.0">
    <ignored/>
  </testcase> <!-- @AfterTest tearDown -->
  <testcase classname="testBase.BaseClass" name="@BeforeTest launchBrowser" time="0.0">
    <ignored/>
  </testcase> <!-- @BeforeTest launchBrowser -->
  <testcase classname="testBase.BaseClass" name="@BeforeTest launchBrowser" time="0.0">
    <ignored/>
  </testcase> <!-- @BeforeTest launchBrowser -->
  <testcase classname="testBase.BaseClass" name="@AfterTest tearDown" time="0.0">
    <ignored/>
  </testcase> <!-- @AfterTest tearDown -->
  <testcase classname="testBase.BaseClass" name="@AfterTest tearDown" time="0.0">
    <ignored/>
  </testcase> <!-- @AfterTest tearDown -->
  <testcase classname="testBase.BaseClass" name="@BeforeTest launchBrowser" time="0.0">
    <ignored/>
  </testcase> <!-- @BeforeTest launchBrowser -->
</testsuite> <!-- Test -->
