<?xml version="1.0" encoding="UTF-8"?>
<testng-results ignored="0" total="4" passed="4" failed="0" skipped="0">
  <reporter-output>
  </reporter-output>
  <suite started-at="2025-08-09T22:05:31 IST" name="Master Suite" finished-at="2025-08-09T22:05:48 IST" duration-ms="16088">
    <groups>
    </groups>
    <test started-at="2025-08-09T22:05:31 IST" name="Test" finished-at="2025-08-09T22:05:48 IST" duration-ms="16088">
      <class name="testCases.TC003_AccountOverviewTest">
        <test-method signature="verify_account_overview()[pri:0, instance:testCases.TC003_AccountOverviewTest@6e2aa843]" started-at="2025-08-09T22:05:40 IST" name="verify_account_overview" finished-at="2025-08-09T22:05:43 IST" duration-ms="2308" status="PASS">
          <reporter-output>
          </reporter-output>
        </test-method> <!-- verify_account_overview -->
      </class> <!-- testCases.TC003_AccountOverviewTest -->
      <class name="testCases.TC004_OpenNewAccountTest">
        <test-method signature="verify_openNewAccount()[pri:0, instance:testCases.TC004_OpenNewAccountTest@6f36c2f0]" started-at="2025-08-09T22:05:43 IST" name="verify_openNewAccount" finished-at="2025-08-09T22:05:46 IST" duration-ms="3220" status="PASS">
          <reporter-output>
          </reporter-output>
        </test-method> <!-- verify_openNewAccount -->
      </class> <!-- testCases.TC004_OpenNewAccountTest -->
      <class name="testCases.TC002_CustomerLoginTest">
        <test-method is-config="true" signature="launchBrowser(java.lang.String)[pri:0, instance:testCases.TC002_CustomerLoginTest@660acfb]" started-at="2025-08-09T22:05:31 IST" name="launchBrowser" finished-at="2025-08-09T22:05:38 IST" duration-ms="6891" status="PASS">
          <params>
            <param index="0">
              <value>
                <![CDATA[chrome]]>
              </value>
            </param>
          </params>
          <reporter-output>
          </reporter-output>
        </test-method> <!-- launchBrowser -->
        <test-method signature="verify_customer_login()[pri:0, instance:testCases.TC002_CustomerLoginTest@660acfb]" started-at="2025-08-09T22:05:38 IST" name="verify_customer_login" finished-at="2025-08-09T22:05:40 IST" duration-ms="1812" status="PASS">
          <reporter-output>
          </reporter-output>
        </test-method> <!-- verify_customer_login -->
        <test-method is-config="true" signature="tearDown()[pri:0, instance:testCases.TC002_CustomerLoginTest@660acfb]" started-at="2025-08-09T22:05:48 IST" name="tearDown" finished-at="2025-08-09T22:05:48 IST" duration-ms="1" status="PASS">
          <reporter-output>
          </reporter-output>
        </test-method> <!-- tearDown -->
      </class> <!-- testCases.TC002_CustomerLoginTest -->
      <class name="testCases.TC005_TransferFundsTest">
        <test-method signature="verify_transferFunds()[pri:0, instance:testCases.TC005_TransferFundsTest@f58853c]" started-at="2025-08-09T22:05:46 IST" name="verify_transferFunds" finished-at="2025-08-09T22:05:48 IST" duration-ms="1781" status="PASS">
          <reporter-output>
          </reporter-output>
        </test-method> <!-- verify_transferFunds -->
      </class> <!-- testCases.TC005_TransferFundsTest -->
    </test> <!-- Test -->
  </suite> <!-- Master Suite -->
</testng-results>
